<?xml version="1.0" encoding="UTF-8"?>
<!-- Generated by org.testng.reporters.JUnitReportReporter -->
<testsuite skipped="0" hostname="LAPTOP-MCQ0A46L" name="MonatTest" tests="1" failures="0" timestamp="04 Feb 2020 04:52:30 GMT" time="5.641" errors="0">
  <testcase name="login" time="5.641" classname="MonatTest"/>
</testsuite> <!-- MonatTest -->
