<?xml version="1.0" encoding="UTF-8"?>
<!-- Generated by org.testng.reporters.JUnitReportReporter -->
<testsuite skipped="0" hostname="LAPTOP-MCQ0A46L" name="com.BaseComponents.Validation" tests="1" failures="0" timestamp="09 Jan 2020 05:34:42 GMT" time="0.105" errors="0">
  <testcase name="validations" time="0.105" classname="com.BaseComponents.Validation"/>
</testsuite> <!-- com.BaseComponents.Validation -->
