<?xml version="1.0" encoding="UTF-8"?>
<!-- Generated by org.testng.reporters.JUnitReportReporter -->
<testsuite skipped="0" hostname="LAPTOP-MCQ0A46L" name="com.testRunner.Runner" tests="2" failures="0" timestamp="08 Jan 2020 09:37:33 GMT" time="61.780" errors="0">
  <testcase name="feature" time="39.916" classname="com.testRunner.Runner"/>
  <testcase name="feature" time="21.864" classname="com.testRunner.Runner"/>
</testsuite> <!-- com.testRunner.Runner -->
