<?xml version="1.0" encoding="UTF-8"?>
<!-- Generated by org.testng.reporters.JUnitReportReporter -->
<testsuite hostname="LAPTOP-MCQ0A46L" name="com.testRunner.Runner" tests="1" failures="0" timestamp="17 Feb 2020 10:50:17 GMT" time="130.998" errors="0">
  <testcase name="feature" time="130.998" classname="com.testRunner.Runner"/>
</testsuite> <!-- com.testRunner.Runner -->
